<?xml version="1.0" encoding="UTF-8"?>
<!-- Generated by org.testng.reporters.JUnitReportReporter -->
<testsuite hostname="IN-BLQ0BK3" failures="0" tests="1" name="TestCase.TestList" time="0.608" errors="0" timestamp="27 May 2022 13:48:08 GMT" skipped="0">
  <testcase classname="TestCase.TestList" name="create_list" time="0.608"/>
</testsuite> <!-- TestCase.TestList -->
