<?xml version="1.0" encoding="UTF-8"?>
<!-- Generated by org.testng.reporters.JUnitReportReporter -->
<testsuite hostname="IN-BLQ0BK3" failures="0" tests="1" name="TestCase.TestBoard" time="2.165" errors="0" timestamp="27 May 2022 13:48:08 GMT" skipped="0">
  <testcase classname="TestCase.TestBoard" name="create_board" time="2.165"/>
</testsuite> <!-- TestCase.TestBoard -->
