<?xml version="1.0" encoding="UTF-8"?>
<!-- Generated by org.testng.reporters.JUnitReportReporter -->
<testsuite hostname="IN-BLQ0BK3" failures="0" tests="4" name="TestCase.TestList" time="2.218" errors="0" timestamp="28 May 2022 05:16:40 GMT" skipped="0">
  <testcase classname="TestCase.TestList" name="create_list" time="0.597"/>
  <testcase classname="TestCase.TestList" name="updateList" time="0.564"/>
  <testcase classname="TestCase.TestList" name="getCard" time="0.522"/>
  <testcase classname="TestCase.TestList" name="archiveList" time="0.535"/>
</testsuite> <!-- TestCase.TestList -->
