<?xml version="1.0" encoding="UTF-8"?>
<!-- Generated by org.testng.reporters.JUnitReportReporter -->
<testsuite hostname="IN-BLQ0BK3" failures="0" tests="5" name="TestCase.TestCard" time="2.801" errors="0" timestamp="28 May 2022 05:16:40 GMT" skipped="0">
  <testcase classname="TestCase.TestCard" name="create_card" time="0.607"/>
  <testcase classname="TestCase.TestCard" name="updateCard" time="0.587"/>
  <testcase classname="TestCase.TestCard" name="getCard" time="0.516"/>
  <testcase classname="TestCase.TestCard" name="deleteLabel" time="0.496"/>
  <testcase classname="TestCase.TestCard" name="deleteCard" time="0.595"/>
</testsuite> <!-- TestCase.TestCard -->
