<?xml version="1.0" encoding="UTF-8"?>
<!-- Generated by org.testng.reporters.JUnitReportReporter -->
<testsuite hostname="IN-BLQ0BK3" failures="0" tests="4" name="TestCase.TestBoard" time="4.186" errors="0" timestamp="28 May 2022 05:16:40 GMT" skipped="0">
  <testcase classname="TestCase.TestBoard" name="create_board" time="2.300"/>
  <testcase classname="TestCase.TestBoard" name="update_board" time="0.590"/>
  <testcase classname="TestCase.TestBoard" name="get_board" time="0.542"/>
  <testcase classname="TestCase.TestBoard" name="delete_board" time="0.754"/>
</testsuite> <!-- TestCase.TestBoard -->
